     1                                  section .data
     2 00000000 4279652C20776F726C-         msg db "Bye, world!", 0
     2 00000009 642100             
     3 0000000C 0A                          NL db 0xa
     4                                  section .text
     5                                      global main
     6                                  
     7                                  main:
     8 00000000 B801000000                  mov rax, 1
     9 00000005 BF01000000                  mov rdi, 1
    10 0000000A 48BE-                       mov rsi, msg
    10 0000000C [0000000000000000] 
    11 00000014 BA0C000000                  mov rdx, 12 
    12 00000019 0F05                        syscall
    13                                  
    14 0000001B B801000000                  mov rax, 1
    15 00000020 BF01000000                  mov rdi, 1
    16 00000025 48BE-                       mov rsi, NL
    16 00000027 [0C00000000000000] 
    17 0000002F BA01000000                  mov rdx, 1
    18 00000034 0F05                        syscall
    19                                  
    20 00000036 B83C000000                  mov rax, 60
    21 0000003B BF00000000                  mov rdi, 0
    22 00000040 0F05                        syscall
