     1                                  extern printf
     2                                  section .data
     3 00000000 25730A00                    pp      db "%s", 10, 0
     4 00000004 7177657200                  msg     db "qwer", 0
     5                                      len     equ  $ - msg - 1
     6                                  
     7                                  section .bss
     8 00000000 ??????????                  rev     resb 5
     9                                  
    10                                  section .text
    11                                      global main
    12                                  
    13                                  main:
    14                                  
    15 00000000 4831C0                      xor     rax, rax
    16 00000003 4831DB                      xor     rbx, rbx
    17 00000006 48BA-                       mov     rdx, msg 
    17 00000008 [0400000000000000] 
    18 00000010 4883C203                    add     rdx, len - 1
    19                                  
    20                                      
    21                                  loop:
    22 00000014 B904000000                  mov     rcx, 4
    23 00000019 881425[00000000]            mov     [rev], byte dl
    24                                      inc     rev
    24          ******************       error: invalid combination of opcode and operands
    25 00000020 48FFC9                      dec     rcx
    26 00000023 48FFCA                      dec     rdx
    27 00000026 4883F900                    cmp     rcx, 0
    28 0000002A 75E8                        jne     loop
    29                                  
    30                                  
    31                                  end:
    32                                      mov rev, 0
    32          ******************       error: invalid combination of opcode and operands
    33 0000002C 48BF-                       mov rdi, pp 
    33 0000002E [0000000000000000] 
    34 00000036 48BE-                       mov rsi, rev 
    34 00000038 [0000000000000000] 
    35 00000040 B800000000                  mov rax, 0
    36 00000045 E8(00000000)                call printf
    37 0000004A C3                          ret
    38                                  
