     1                                  ;hello.asm
     2                                  section .data
     3 00000000 48656C6C6F2C20776F-         msg db "Hello, world!", 0
     3 00000009 726C642100         
     4                                      len equ $ - msg ; equ is constant
     5                                  section .bss
     6                                  section .text
     7                                      global main
     8                                  
     9                                  main: 
    10 00000000 B801000000                  mov rax, 1  ; 1 = write
    11 00000005 BF01000000                  mov rdi, 1  ; 1 = to stdout
    12 0000000A 48BE-                       mov rsi, msg  ; string to display on rsi
    12 0000000C [0000000000000000] 
    13 00000014 BA0E000000                  mov rdx, len ; length of the string, wighout 0
    14 00000019 0F05                        syscall
    15                                  
    16 0000001B B83C000000                  mov rax, 60 ; 60 = exit
    17 00000020 BF00000000                  mov rdi, 0  ; 0 = success exit code
    18 00000025 0F05                        syscall
    19                                  
