2025-08-24 11:05:40 [INFO] inc_app.c:91 main Init ncurses funcs
2025-08-24 11:05:40 [INFO] inc_app.c:26 check_inc_log Check ing log
2025-08-24 11:05:40 [WARN] inc_app.c:31 check_inc_log File /home/(null)/.config/inc.cfg doisn't exists, create it
2025-08-24 11:05:40 [ERROR] inc_app.c:35 check_inc_log Cant open/create file /home/(null)/.config/inc.cfg
2025-08-24 11:06:10 [INFO] inc_app.c:91 main Init ncurses funcs
2025-08-24 11:06:10 [INFO] inc_app.c:26 check_inc_log Check ing log
2025-08-24 11:06:10 [WARN] inc_app.c:31 check_inc_log File /home/(null)/.config/inc.cfg doisn't exists, create it
2025-08-24 11:06:10 [ERROR] inc_app.c:35 check_inc_log Cant open/create file /home/(null)/.config/inc.cfg
2025-08-24 11:06:10 [INFO] inc_app.c:91 main Init ncurses funcs
2025-08-24 11:06:10 [INFO] inc_app.c:26 check_inc_log Check ing log
2025-08-24 11:06:10 [WARN] inc_app.c:31 check_inc_log File /home/(null)/.config/inc.cfg doisn't exists, create it
2025-08-24 11:06:10 [ERROR] inc_app.c:35 check_inc_log Cant open/create file /home/(null)/.config/inc.cfg
2025-08-24 11:06:39 [INFO] inc_app.c:91 main Init ncurses funcs
2025-08-24 11:06:39 [INFO] inc_app.c:26 check_inc_log Check ing log
2025-08-24 11:06:39 [WARN] inc_app.c:31 check_inc_log File /home/(null)/.config/inc.cfg doisn't exists, create it
2025-08-24 11:06:39 [ERROR] inc_app.c:35 check_inc_log Cant open/create file /home/(null)/.config/inc.cfg
2025-08-24 11:07:09 [INFO] inc_app.c:91 main Init ncurses funcs
2025-08-24 11:07:09 [INFO] inc_app.c:26 check_inc_log Check ing log
2025-08-24 11:07:09 [WARN] inc_app.c:31 check_inc_log File /home/(null)/.config/inc.cfg doisn't exists, create it
2025-08-24 11:07:09 [ERROR] inc_app.c:35 check_inc_log Cant open/create file /home/(null)/.config/inc.cfg
2025-08-24 11:12:39 [INFO] inc_app.c:91 main Init ncurses funcs
2025-08-24 11:12:39 [INFO] inc_app.c:26 check_inc_log Check ing log
2025-08-24 11:12:39 [WARN] inc_app.c:31 check_inc_log File /home/maxim/.config/inc.cfg doisn't exists, create it
2025-08-24 11:15:21 [INFO] inc_app.c:91 main Init ncurses funcs
2025-08-24 11:15:21 [INFO] inc_app.c:26 check_inc_log Check ing log
2025-08-24 11:16:18 [INFO] inc_app.c:91 main Init ncurses funcs
2025-08-24 11:16:18 [INFO] inc_app.c:26 check_inc_log Check ing log
2025-08-24 11:16:19 [INFO] inc_app.c:109 main ch == q
2025-08-24 11:16:19 [INFO] inc_app.c:109 main ch == q
2025-08-24 11:16:19 [INFO] inc_app.c:109 main ch == q
2025-08-24 11:16:19 [INFO] inc_app.c:109 main ch == q
2025-08-24 11:16:20 [INFO] inc_app.c:109 main ch == q
2025-08-24 11:16:20 [INFO] inc_app.c:109 main ch == q
2025-08-24 11:16:20 [INFO] inc_app.c:109 main ch == q
2025-08-24 11:16:20 [INFO] inc_app.c:109 main ch == q
2025-08-24 11:16:20 [INFO] inc_app.c:109 main ch == q
2025-08-24 11:16:20 [INFO] inc_app.c:109 main ch == q
2025-08-24 11:16:21 [INFO] inc_app.c:109 main ch == q
2025-08-24 11:16:23 [INFO] inc_app.c:109 main ch == ÿ
2025-08-24 11:16:23 [INFO] inc_app.c:109 main ch == ÿ
2025-08-24 11:16:23 [INFO] inc_app.c:109 main ch == ÿ
2025-08-24 11:16:23 [INFO] inc_app.c:109 main ch == ÿ
2025-08-24 11:16:23 [INFO] inc_app.c:109 main ch == ÿ
2025-08-24 11:16:23 [INFO] inc_app.c:109 main ch == ÿ
2025-08-24 11:16:23 [INFO] inc_app.c:109 main ch == ÿ
2025-08-24 11:16:59 [INFO] inc_app.c:91 main Init ncurses funcs
2025-08-24 11:16:59 [INFO] inc_app.c:26 check_inc_log Check ing log
2025-08-24 11:16:59 [INFO] inc_app.c:109 main ch == q
2025-08-24 11:16:59 [INFO] inc_app.c:114 main Finish app work
2025-08-24 11:30:10 [INFO] inc_app.c:113 main Init ncurses funcs
2025-08-24 11:30:10 [INFO] inc_app.c:26 check_inc_log Check ing log
2025-08-24 11:30:11 [INFO] inc_app.c:153 main ch == h
2025-08-24 11:30:11 [INFO] inc_app.c:90 show_help Showing help
2025-08-24 11:30:19 [INFO] inc_app.c:153 main ch == q
2025-08-24 11:30:19 [INFO] inc_app.c:55 cleanup Cleanup
2025-08-24 11:30:19 [INFO] inc_app.c:159 main Finish app work
2025-08-24 11:30:49 [INFO] inc_app.c:114 main Init ncurses funcs
2025-08-24 11:30:49 [INFO] inc_app.c:26 check_inc_log Check ing log
2025-08-24 11:30:51 [INFO] inc_app.c:153 main ch == h
2025-08-24 11:30:51 [INFO] inc_app.c:90 show_help Showing help
2025-08-24 11:30:56 [INFO] inc_app.c:153 main ch == h
2025-08-24 11:30:56 [INFO] inc_app.c:90 show_help Showing help
2025-08-24 11:30:58 [INFO] inc_app.c:153 main ch == h
2025-08-24 11:30:58 [INFO] inc_app.c:90 show_help Showing help
2025-08-24 11:30:58 [INFO] inc_app.c:153 main ch == h
2025-08-24 11:30:58 [INFO] inc_app.c:90 show_help Showing help
2025-08-24 11:30:58 [INFO] inc_app.c:153 main ch == h
2025-08-24 11:30:58 [INFO] inc_app.c:90 show_help Showing help
2025-08-24 11:30:58 [INFO] inc_app.c:153 main ch == h
2025-08-24 11:30:58 [INFO] inc_app.c:90 show_help Showing help
2025-08-24 11:30:58 [INFO] inc_app.c:153 main ch == h
2025-08-24 11:30:58 [INFO] inc_app.c:90 show_help Showing help
2025-08-24 11:30:58 [INFO] inc_app.c:153 main ch == h
2025-08-24 11:30:58 [INFO] inc_app.c:90 show_help Showing help
2025-08-24 11:30:58 [INFO] inc_app.c:153 main ch == h
2025-08-24 11:30:58 [INFO] inc_app.c:90 show_help Showing help
2025-08-24 11:30:58 [INFO] inc_app.c:153 main ch == h
2025-08-24 11:30:58 [INFO] inc_app.c:90 show_help Showing help
2025-08-24 11:30:59 [INFO] inc_app.c:153 main ch == h
2025-08-24 11:30:59 [INFO] inc_app.c:90 show_help Showing help
2025-08-24 11:30:59 [INFO] inc_app.c:153 main ch == h
2025-08-24 11:30:59 [INFO] inc_app.c:90 show_help Showing help
2025-08-24 11:30:59 [INFO] inc_app.c:153 main ch == h
2025-08-24 11:30:59 [INFO] inc_app.c:90 show_help Showing help
2025-08-24 11:30:59 [INFO] inc_app.c:153 main ch == h
2025-08-24 11:30:59 [INFO] inc_app.c:90 show_help Showing help
2025-08-24 11:30:59 [INFO] inc_app.c:153 main ch == h
2025-08-24 11:30:59 [INFO] inc_app.c:90 show_help Showing help
2025-08-24 11:30:59 [INFO] inc_app.c:153 main ch == h
2025-08-24 11:30:59 [INFO] inc_app.c:90 show_help Showing help
2025-08-24 11:30:59 [INFO] inc_app.c:153 main ch == h
2025-08-24 11:30:59 [INFO] inc_app.c:90 show_help Showing help
2025-08-24 11:31:00 [INFO] inc_app.c:153 main ch == q
2025-08-24 11:31:00 [INFO] inc_app.c:55 cleanup Cleanup
2025-08-24 11:31:00 [INFO] inc_app.c:159 main Finish app work
2025-08-24 11:31:58 [INFO] inc_app.c:115 main Init ncurses funcs
2025-08-24 11:31:58 [INFO] inc_app.c:26 check_inc_log Check ing log
2025-08-24 11:31:59 [INFO] inc_app.c:155 main ch == h
2025-08-24 11:31:59 [INFO] inc_app.c:90 show_help Showing help
2025-08-24 11:32:03 [INFO] inc_app.c:155 main ch == h
2025-08-24 11:32:03 [INFO] inc_app.c:90 show_help Showing help
2025-08-24 11:32:04 [INFO] inc_app.c:155 main ch == h
2025-08-24 11:32:04 [INFO] inc_app.c:90 show_help Showing help
2025-08-24 11:32:05 [INFO] inc_app.c:155 main ch == h
2025-08-24 11:32:05 [INFO] inc_app.c:90 show_help Showing help
2025-08-24 11:32:08 [INFO] inc_app.c:155 main ch == h
2025-08-24 11:32:08 [INFO] inc_app.c:90 show_help Showing help
2025-08-24 11:32:09 [INFO] inc_app.c:155 main ch == q
2025-08-24 11:32:09 [INFO] inc_app.c:55 cleanup Cleanup
2025-08-24 11:32:09 [INFO] inc_app.c:161 main Finish app work
2025-08-24 11:33:14 [INFO] inc_app.c:115 main Init ncurses funcs
2025-08-24 11:33:14 [INFO] inc_app.c:26 check_inc_log Check ing log
2025-08-24 11:33:15 [INFO] inc_app.c:155 main ch == h
2025-08-24 11:33:15 [INFO] inc_app.c:90 show_help Showing help
2025-08-24 11:33:24 [INFO] inc_app.c:155 main ch == q
2025-08-24 11:33:24 [INFO] inc_app.c:55 cleanup Cleanup
2025-08-24 11:33:24 [INFO] inc_app.c:161 main Finish app work
2025-08-24 11:33:44 [INFO] inc_app.c:114 main Init ncurses funcs
2025-08-24 11:33:44 [INFO] inc_app.c:26 check_inc_log Check ing log
2025-08-24 11:33:45 [INFO] inc_app.c:154 main ch == h
2025-08-24 11:33:45 [INFO] inc_app.c:90 show_help Showing help
2025-08-24 11:33:49 [INFO] inc_app.c:154 main ch == h
2025-08-24 11:33:49 [INFO] inc_app.c:90 show_help Showing help
2025-08-24 11:33:56 [INFO] inc_app.c:154 main ch == q
2025-08-24 11:33:56 [INFO] inc_app.c:55 cleanup Cleanup
2025-08-24 11:33:56 [INFO] inc_app.c:160 main Finish app work
2025-08-24 11:57:56 [INFO] inc_app.c:142 main Init ncurses funcs
2025-08-24 11:57:56 [INFO] inc_app.c:26 check_inc_log Check ing log
2025-08-24 11:57:57 [INFO] inc_app.c:184 main ch == i
2025-08-24 11:58:00 [INFO] inc_app.c:184 main ch == q
2025-08-24 11:58:00 [INFO] inc_app.c:55 cleanup Cleanup
2025-08-24 11:58:00 [INFO] inc_app.c:190 main Finish app work
2025-08-24 11:59:25 [INFO] inc_app.c:148 main Init ncurses funcs
2025-08-24 11:59:25 [INFO] inc_app.c:26 check_inc_log Check ing log
2025-08-24 11:59:26 [INFO] inc_app.c:190 main ch == i
2025-08-24 11:59:31 [INFO] inc_app.c:190 main ch == q
2025-08-24 11:59:31 [INFO] inc_app.c:55 cleanup Cleanup
2025-08-24 11:59:31 [INFO] inc_app.c:196 main Finish app work
2025-08-24 12:02:38 [INFO] inc_app.c:149 main Init ncurses funcs
2025-08-24 12:02:38 [INFO] inc_app.c:26 check_inc_log Check ing log
2025-08-24 12:02:39 [INFO] inc_app.c:192 main ch == i
2025-08-24 12:02:43 [INFO] inc_app.c:192 main ch == q
2025-08-24 12:02:43 [INFO] inc_app.c:55 cleanup Cleanup
2025-08-24 12:02:43 [INFO] inc_app.c:198 main Finish app work
2025-08-24 12:04:06 [INFO] inc_app.c:149 main Init ncurses funcs
2025-08-24 12:04:06 [INFO] inc_app.c:26 check_inc_log Check ing log
2025-08-24 12:04:06 [INFO] inc_app.c:192 main ch == i
2025-08-24 12:04:15 [INFO] inc_app.c:192 main ch == q
2025-08-24 12:04:15 [INFO] inc_app.c:55 cleanup Cleanup
2025-08-24 12:04:15 [INFO] inc_app.c:198 main Finish app work
2025-08-24 12:04:43 [INFO] inc_app.c:149 main Init ncurses funcs
2025-08-24 12:04:43 [INFO] inc_app.c:26 check_inc_log Check ing log
2025-08-24 12:04:43 [INFO] inc_app.c:192 main ch == i
2025-08-24 12:06:16 [INFO] inc_app.c:192 main ch == q
2025-08-24 12:06:16 [INFO] inc_app.c:55 cleanup Cleanup
2025-08-24 12:06:16 [INFO] inc_app.c:198 main Finish app work
2025-08-24 12:06:18 [INFO] inc_app.c:151 main Init ncurses funcs
2025-08-24 12:06:18 [INFO] inc_app.c:26 check_inc_log Check ing log
2025-08-24 12:06:18 [INFO] inc_app.c:194 main ch == i
2025-08-24 12:06:24 [INFO] inc_app.c:194 main ch == q
2025-08-24 12:06:24 [INFO] inc_app.c:55 cleanup Cleanup
2025-08-24 12:06:24 [INFO] inc_app.c:200 main Finish app work
2025-08-24 12:07:04 [INFO] inc_app.c:150 main Init ncurses funcs
2025-08-24 12:07:04 [INFO] inc_app.c:26 check_inc_log Check ing log
2025-08-24 12:07:05 [INFO] inc_app.c:193 main ch == i
2025-08-24 12:07:22 [INFO] inc_app.c:193 main ch == q
2025-08-24 12:07:22 [INFO] inc_app.c:55 cleanup Cleanup
2025-08-24 12:07:22 [INFO] inc_app.c:199 main Finish app work
2025-08-24 12:08:01 [INFO] inc_app.c:149 main Init ncurses funcs
2025-08-24 12:08:01 [INFO] inc_app.c:26 check_inc_log Check ing log
2025-08-24 12:08:02 [INFO] inc_app.c:192 main ch == i
2025-08-24 12:08:12 [INFO] inc_app.c:192 main ch == q
2025-08-24 12:08:12 [INFO] inc_app.c:55 cleanup Cleanup
2025-08-24 12:08:12 [INFO] inc_app.c:198 main Finish app work
2025-08-24 12:08:48 [INFO] inc_app.c:151 main Init ncurses funcs
2025-08-24 12:08:48 [INFO] inc_app.c:26 check_inc_log Check ing log
2025-08-24 12:08:50 [INFO] inc_app.c:194 main ch == i
2025-08-24 12:09:08 [INFO] inc_app.c:194 main ch == q
2025-08-24 12:09:08 [INFO] inc_app.c:55 cleanup Cleanup
2025-08-24 12:09:08 [INFO] inc_app.c:200 main Finish app work
2025-08-24 12:10:12 [INFO] inc_app.c:152 main Init ncurses funcs
2025-08-24 12:10:12 [INFO] inc_app.c:26 check_inc_log Check ing log
2025-08-24 12:10:13 [INFO] inc_app.c:195 main ch == i
2025-08-24 12:10:25 [INFO] inc_app.c:195 main ch == s
2025-08-24 12:10:25 [INFO] inc_app.c:195 main ch == d
2025-08-24 12:10:26 [INFO] inc_app.c:195 main ch == q
2025-08-24 12:10:26 [INFO] inc_app.c:55 cleanup Cleanup
2025-08-24 12:10:26 [INFO] inc_app.c:201 main Finish app work
2025-08-24 12:11:35 [INFO] inc_app.c:152 main Init ncurses funcs
2025-08-24 12:11:35 [INFO] inc_app.c:26 check_inc_log Check ing log
2025-08-24 12:11:36 [INFO] inc_app.c:195 main ch == i
2025-08-24 12:11:41 [INFO] inc_app.c:195 main ch == 
2025-08-24 12:11:42 [INFO] inc_app.c:195 main ch == q
2025-08-24 12:11:42 [INFO] inc_app.c:55 cleanup Cleanup
2025-08-24 12:11:42 [INFO] inc_app.c:201 main Finish app work
2025-08-24 12:11:53 [INFO] inc_app.c:152 main Init ncurses funcs
2025-08-24 12:11:53 [INFO] inc_app.c:26 check_inc_log Check ing log
2025-08-24 12:11:54 [INFO] inc_app.c:195 main ch == i
2025-08-24 12:12:03 [INFO] inc_app.c:195 main ch == q
2025-08-24 12:12:03 [INFO] inc_app.c:55 cleanup Cleanup
2025-08-24 12:12:03 [INFO] inc_app.c:201 main Finish app work
2025-08-24 12:12:21 [INFO] inc_app.c:153 main Init ncurses funcs
2025-08-24 12:12:21 [INFO] inc_app.c:26 check_inc_log Check ing log
2025-08-24 12:12:22 [INFO] inc_app.c:196 main ch == i
2025-08-24 12:12:23 [INFO] inc_app.c:140 read_input CH from input k
2025-08-24 12:12:24 [INFO] inc_app.c:140 read_input CH from input s
2025-08-24 12:12:24 [INFO] inc_app.c:140 read_input CH from input k
2025-08-24 12:12:24 [INFO] inc_app.c:140 read_input CH from input s
2025-08-24 12:12:25 [INFO] inc_app.c:140 read_input CH from input 
2025-08-24 12:12:25 [INFO] inc_app.c:140 read_input CH from input 
2025-08-24 12:12:26 [INFO] inc_app.c:140 read_input CH from input 
2025-08-24 12:12:27 [INFO] inc_app.c:140 read_input CH from input 

2025-08-24 12:12:29 [INFO] inc_app.c:196 main ch == q
2025-08-24 12:12:29 [INFO] inc_app.c:55 cleanup Cleanup
2025-08-24 12:12:29 [INFO] inc_app.c:202 main Finish app work
2025-08-24 12:12:58 [INFO] inc_app.c:153 main Init ncurses funcs
2025-08-24 12:12:58 [INFO] inc_app.c:26 check_inc_log Check ing log
2025-08-24 12:12:58 [INFO] inc_app.c:196 main ch == i
2025-08-24 12:12:59 [INFO] inc_app.c:140 read_input CH from input 107
2025-08-24 12:12:59 [INFO] inc_app.c:140 read_input CH from input 106
2025-08-24 12:12:59 [INFO] inc_app.c:140 read_input CH from input 100
2025-08-24 12:12:59 [INFO] inc_app.c:140 read_input CH from input 102
2025-08-24 12:13:00 [INFO] inc_app.c:140 read_input CH from input 127
2025-08-24 12:13:01 [INFO] inc_app.c:140 read_input CH from input 127
2025-08-24 12:13:01 [INFO] inc_app.c:140 read_input CH from input 127
2025-08-24 12:13:02 [INFO] inc_app.c:140 read_input CH from input 10
2025-08-24 12:13:03 [INFO] inc_app.c:196 main ch == q
2025-08-24 12:13:03 [INFO] inc_app.c:55 cleanup Cleanup
2025-08-24 12:13:03 [INFO] inc_app.c:202 main Finish app work
2025-08-24 12:13:30 [INFO] inc_app.c:153 main Init ncurses funcs
2025-08-24 12:13:30 [INFO] inc_app.c:26 check_inc_log Check ing log
2025-08-24 12:13:31 [INFO] inc_app.c:196 main ch == i
2025-08-24 12:13:31 [INFO] inc_app.c:140 read_input CH from input 100
2025-08-24 12:13:31 [INFO] inc_app.c:140 read_input CH from input 102
2025-08-24 12:13:32 [INFO] inc_app.c:140 read_input CH from input 100
2025-08-24 12:13:32 [INFO] inc_app.c:140 read_input CH from input 102
2025-08-24 12:13:32 [INFO] inc_app.c:140 read_input CH from input 127
